<?xml version="1.0" encoding="UTF-8"?>
<!-- Generated by org.testng.reporters.JUnitReportReporter -->
<testsuite hostname="DESKTOP-IRUI47D" failures="0" tests="1" name="AddToCartButton.TC_AddToCart_008_Functional_Test" time="10.335" errors="0" timestamp="2024-02-06T12:25:56 IST" skipped="0">
  <testcase classname="AddToCartButton.TC_AddToCart_008_Functional_Test" name="AddToCartTest" time="10.335">
    <system-out>
      <![CDATA[entered product name into search text field
Search result page displayed
clicked on product link
product details page displayed
entered quantity into quantity text field
clicked on addTocart Button
Confirmation message displayed,Functional testing is pass on addTocart button]]>
    </system-out>
  </testcase> <!-- AddToCartTest -->
  <system-out>
    <![CDATA[Browser Launched
Browser maximised
Application Launched
clicked on login link
Login page displayed
SmokeTesting is pass on login link
Clicked on login button
Home page displayed
SmokeTesting is pass on login button
entered product name into search text field
Search result page displayed
clicked on product link
product details page displayed
entered quantity into quantity text field
clicked on addTocart Button
Confirmation message displayed,Functional testing is pass on addTocart button
Clicked On logout link
User Successfully LogedOut
E2E Testing is Pass :)
Browser Window Closed]]>
  </system-out>
</testsuite> <!-- AddToCartButton.TC_AddToCart_008_Functional_Test -->
