<?xml version="1.0" encoding="UTF-8"?>
<!-- Generated by org.testng.reporters.JUnitReportReporter -->
<testsuite hostname="DESKTOP-IRUI47D" failures="0" tests="1" name="LearningMavenWithDependency.WithDependency" time="0.029" errors="0" timestamp="2024-01-28T00:01:34 IST" skipped="0">
  <testcase classname="LearningMavenWithDependency.WithDependency" name="demo1" time="0.029">
    <system-out>
      <![CDATA[Maven With Dependency]]>
    </system-out>
  </testcase> <!-- demo1 -->
  <system-out>
    <![CDATA[Maven With Dependency]]>
  </system-out>
</testsuite> <!-- LearningMavenWithDependency.WithDependency -->
