<?xml version="1.0" encoding="UTF-8"?>
<!-- Generated by org.testng.reporters.JUnitReportReporter -->
<testsuite hostname="DESKTOP-IRUI47D" failures="0" tests="1" name="UsingJavaScriptExecutorUtility.EnteringDataIntoDisabledText_Test" time="6.981" errors="0" timestamp="2024-02-02T12:50:36 IST" skipped="0">
  <testcase classname="UsingJavaScriptExecutorUtility.EnteringDataIntoDisabledText_Test" name="dataToDisabledText" time="6.981">
    <system-out>
      <![CDATA[Entered data into disabled text field]]>
    </system-out>
  </testcase> <!-- dataToDisabledText -->
  <system-out>
    <![CDATA[Browser Launched
Browser maximised
Application Launched
clicked on login link
Login page displayed
SmokeTesting is pass on login link
Clicked on login button
Home page displayed
SmokeTesting is pass on login button
Entered data into disabled text field
Clicked On logout link
User Successfully LogedOut
E2E Testing is Pass :)
Browser Window Closed]]>
  </system-out>
</testsuite> <!-- UsingJavaScriptExecutorUtility.EnteringDataIntoDisabledText_Test -->
