<?xml version="1.0" encoding="UTF-8"?>
<!-- Generated by org.testng.reporters.JUnitReportReporter -->
<testsuite hostname="DESKTOP-IRUI47D" failures="0" tests="1" name="UsingActionMethodsUtility.UsingActionMethodsUtility_Test" time="7.210" errors="0" timestamp="2024-02-02T12:49:46 IST" skipped="0">
  <testcase classname="UsingActionMethodsUtility.UsingActionMethodsUtility_Test" name="registerlink" time="7.210">
    <system-out>
      <![CDATA[RightClicked on Register link]]>
    </system-out>
  </testcase> <!-- registerlink -->
  <system-out>
    <![CDATA[Browser Launched
Browser maximised
Application Launched
clicked on login link
Login page displayed
SmokeTesting is pass on login link
Clicked on login button
Home page displayed
SmokeTesting is pass on login button
RightClicked on Register link
Clicked On logout link
User Successfully LogedOut
E2E Testing is Pass :)
Browser Window Closed]]>
  </system-out>
</testsuite> <!-- UsingActionMethodsUtility.UsingActionMethodsUtility_Test -->
