<?xml version="1.0" encoding="UTF-8"?>
<!-- Generated by org.testng.reporters.JUnitReportReporter -->
<testsuite hostname="DESKTOP-IRUI47D" failures="0" tests="1" name="CartModule.TC_AddingProducttocart_002_Integration_Test" time="10.320" errors="0" timestamp="2024-02-02T12:41:24 IST" skipped="0">
  <testcase classname="CartModule.TC_AddingProducttocart_002_Integration_Test" name="addProductToCart" time="10.320">
    <system-out>
      <![CDATA[searching smartphone
clicked on search button
Search result page displayed
Clicked on Particular Product link
Product details page displayed
clicked on add to cart button
clicked on shopping cart link
Shopping cart page displayed
Added Product displayed in cart
Integration Testing is pass]]>
    </system-out>
  </testcase> <!-- addProductToCart -->
  <system-out>
    <![CDATA[Browser Launched
Browser maximised
Application Launched
clicked on login link
Login page displayed
SmokeTesting is pass on login link
Clicked on login button
Home page displayed
SmokeTesting is pass on login button
searching smartphone
clicked on search button
Search result page displayed
Clicked on Particular Product link
Product details page displayed
clicked on add to cart button
clicked on shopping cart link
Shopping cart page displayed
Added Product displayed in cart
Integration Testing is pass
Clicked On logout link
User Successfully LogedOut
E2E Testing is Pass :)
Browser Window Closed]]>
  </system-out>
</testsuite> <!-- CartModule.TC_AddingProducttocart_002_Integration_Test -->
