<?xml version="1.0" encoding="UTF-8"?>
<!-- Generated by org.testng.reporters.JUnitReportReporter -->
<testsuite hostname="DESKTOP-IRUI47D" failures="0" tests="1" name="ExtentReport.TestingLoginFuctionality" time="13.230" errors="0" timestamp="2024-02-06T11:05:22 IST" skipped="0">
  <testcase classname="ExtentReport.TestingLoginFuctionality" name="loginTest" time="13.230"/>
</testsuite> <!-- ExtentReport.TestingLoginFuctionality -->
