<?xml version="1.0" encoding="UTF-8"?>
<!-- Generated by org.testng.reporters.JUnitReportReporter -->
<testsuite hostname="DESKTOP-IRUI47D" failures="0" tests="1" name="UsingJavaScriptExecutorUtility.UsingScrollBy" time="8.129" errors="0" timestamp="2024-02-01T17:39:05 IST" skipped="0">
  <testcase classname="UsingJavaScriptExecutorUtility.UsingScrollBy" name="ScrollBy" time="8.129">
    <system-out>
      <![CDATA[Excellent (3318 vote(s) - 45.0%)
Good (1730 vote(s) - 23.5%)
Poor (440 vote(s) - 6.0%)
Very bad (1884 vote(s) - 25.6%)]]>
    </system-out>
  </testcase> <!-- ScrollBy -->
  <system-out>
    <![CDATA[Browser Launched
Browser maximised
Application Launched
clicked on login link
Login page displayed
SmokeTesting is pass on login link
Clicked on login button
Home page displayed
SmokeTesting is pass on login button
Excellent (3318 vote(s) - 45.0%)
Good (1730 vote(s) - 23.5%)
Poor (440 vote(s) - 6.0%)
Very bad (1884 vote(s) - 25.6%)
Clicked On logout link
User Successfully LogedOut
E2E Testing is Pass :)
Browser Window Closed]]>
  </system-out>
</testsuite> <!-- UsingJavaScriptExecutorUtility.UsingScrollBy -->
