<?xml version="1.0" encoding="UTF-8"?>
<!-- Generated by org.testng.reporters.JUnitReportReporter -->
<testsuite hostname="DESKTOP-IRUI47D" failures="0" tests="1" name="RunningFrameWorkFromCommandPrompt.TC_warning_09_Test" time="0.014" errors="0" timestamp="2024-02-01T16:14:20 IST" skipped="0">
  <testcase classname="RunningFrameWorkFromCommandPrompt.TC_warning_09_Test" name="Justdo" time="0.014">
    <system-out>
      <![CDATA[Just Do or Die]]>
    </system-out>
  </testcase> <!-- Justdo -->
  <system-out>
    <![CDATA[Just Do or Die]]>
  </system-out>
</testsuite> <!-- RunningFrameWorkFromCommandPrompt.TC_warning_09_Test -->
