<?xml version="1.0" encoding="UTF-8"?>
<!-- Generated by org.testng.reporters.JUnitReportReporter -->
<testsuite hostname="DESKTOP-IRUI47D" failures="0" tests="1" name="ExtentReport.LearningExtentReport" time="10.228" errors="0" timestamp="2024-02-05T13:39:22 IST" skipped="0">
  <testcase classname="ExtentReport.LearningExtentReport" name="login" time="10.228"/>
</testsuite> <!-- ExtentReport.LearningExtentReport -->
