<?xml version="1.0" encoding="UTF-8"?>
<!-- Generated by org.testng.reporters.JUnitReportReporter -->
<testsuite hostname="DESKTOP-IRUI47D" failures="0" tests="1" name="NewsLettersModule.TC_NewsLetters_003_Functional_Test" time="7.208" errors="0" timestamp="2024-02-02T12:44:55 IST" skipped="0">
  <testcase classname="NewsLettersModule.TC_NewsLetters_003_Functional_Test" name="newsletterOption" time="7.208">
    <system-out>
      <![CDATA[news letter option displayed
entered email into email text field
clicked on subscribe button
ResultBlock displayed,Functional testing is pass]]>
    </system-out>
  </testcase> <!-- newsletterOption -->
  <system-out>
    <![CDATA[Browser Launched
Browser maximised
Application Launched
clicked on login link
Login page displayed
SmokeTesting is pass on login link
Clicked on login button
Home page displayed
SmokeTesting is pass on login button
news letter option displayed
entered email into email text field
clicked on subscribe button
ResultBlock displayed,Functional testing is pass
Clicked On logout link
User Successfully LogedOut
E2E Testing is Pass :)
Browser Window Closed]]>
  </system-out>
</testsuite> <!-- NewsLettersModule.TC_NewsLetters_003_Functional_Test -->
