<?xml version="1.0" encoding="UTF-8"?>
<!-- Generated by org.testng.reporters.JUnitReportReporter -->
<testsuite hostname="DESKTOP-IRUI47D" failures="0" tests="1" name="CommunityPollModule.TC_CommunityPoll_004_Functional_Test" time="7.024" errors="0" timestamp="2024-02-02T12:43:46 IST" skipped="0">
  <testcase classname="CommunityPollModule.TC_CommunityPoll_004_Functional_Test" name="CommunityPollTest" time="7.024">
    <system-out>
      <![CDATA[CommunityPollOption displayed
PollResult Displayed,Functional testing is pass]]>
    </system-out>
  </testcase> <!-- CommunityPollTest -->
  <system-out>
    <![CDATA[Browser Launched
Browser maximised
Application Launched
clicked on login link
Login page displayed
SmokeTesting is pass on login link
Clicked on login button
Home page displayed
SmokeTesting is pass on login button
CommunityPollOption displayed
PollResult Displayed,Functional testing is pass
Clicked On logout link
User Successfully LogedOut
E2E Testing is Pass :)
Browser Window Closed]]>
  </system-out>
</testsuite> <!-- CommunityPollModule.TC_CommunityPoll_004_Functional_Test -->
