<?xml version="1.0" encoding="UTF-8"?>
<!-- Generated by org.testng.reporters.JUnitReportReporter -->
<testsuite hostname="DESKTOP-IRUI47D" failures="0" tests="1" name="RunningFrameWorkFromCommandPrompt.TC_DWP_Wishes_001_Test" time="0.016" errors="0" timestamp="2024-02-01T16:02:41 IST" skipped="0">
  <testcase classname="RunningFrameWorkFromCommandPrompt.TC_DWP_Wishes_001_Test" name="print" time="0.016">
    <system-out>
      <![CDATA[Hello]]>
    </system-out>
  </testcase> <!-- print -->
  <system-out>
    <![CDATA[Hello]]>
  </system-out>
</testsuite> <!-- RunningFrameWorkFromCommandPrompt.TC_DWP_Wishes_001_Test -->
