<?xml version="1.0" encoding="UTF-8"?>
<!-- Generated by org.testng.reporters.JUnitReportReporter -->
<testsuite hostname="DESKTOP-IRUI47D" failures="0" tests="1" name="UsingJavaScriptExecutorUtility.UsingScrollByMethod" time="7.245" errors="0" timestamp="2024-02-01T12:36:46 IST" skipped="0">
  <testcase classname="UsingJavaScriptExecutorUtility.UsingScrollByMethod" name="scrollby" time="7.245"/>
  <system-out>
    <![CDATA[Browser Launched
Browser maximised
Application Launched
clicked on login link
Login page displayed
SmokeTesting is pass on login link
Clicked on login button
Home page displayed
SmokeTesting is pass on login button
Clicked On logout link
User Successfully LogedOut
E2E Testing is Pass :)
Browser Window Closed]]>
  </system-out>
</testsuite> <!-- UsingJavaScriptExecutorUtility.UsingScrollByMethod -->
